<?xml version="1.0" encoding="UTF-8"?>
<!-- Generated by org.testng.reporters.JUnitXMLReporter -->
<testsuite hostname="MINSK-NB-MAC1" name="Surefire test" tests="6" failures="0" timestamp="28 Jan 2018 13:15:59 GMT" time="0.075" errors="0">
  <testcase name="validateCorrectCartNameWrittenToFileTest" time="0.005" classname="parser.JsonParserTest"/>
  <testcase name="validateCorrectCartPriceWrittenToFileTest" time="0.001" classname="parser.JsonParserTest"/>
  <testcase name="validateCorrectRealItemWrittenToFileTest" time="0.001" classname="parser.JsonParserTest"/>
  <testcase name="verifyThatGetPriceReturnsCorrectValueTest" time="0.001" classname="shop.CartTest"/>
  <testcase name="verifyThatToStringReturnsCorrectResultTest" time="0.001" classname="shop.RealItemTest"/>
  <testcase name="verifyThatToStringReturnsCorrectResultTest" time="0.001" classname="shop.VirtualItemTest"/>
</testsuite> <!-- Surefire test -->
