<?xml version="1.0" encoding="UTF-8"?>
<!-- Generated by org.testng.reporters.JUnitXMLReporter -->
<testsuite hostname="MINSK-NB-MAC1" name="ExceptionTests" tests="1" failures="1" timestamp="28 Jan 2018 14:18:26 GMT" time="0.118" errors="0">
  <testcase name="readFromFileTest" time="0.006" classname="parser.JsonParserTest">
    <failure type="org.testng.TestNGException" message="
The data provider is trying to pass 2 parameters but the method parser.JsonParserTest#readFromFileTest takes 1">
      <![CDATA[org.testng.TestNGException: 
The data provider is trying to pass 2 parameters but the method parser.JsonParserTest#readFromFileTest takes 1
... Removed 21 stack frames]]>
    </failure>
  </testcase> <!-- readFromFileTest -->
</testsuite> <!-- ExceptionTests -->
