<?xml version="1.0" encoding="UTF-8"?>
<!-- Generated by org.testng.reporters.JUnitXMLReporter -->
<testsuite hostname="MINSK-NB-MAC1" name="Regression1" tests="3" failures="0" timestamp="28 Jan 2018 14:18:26 GMT" time="0.006" errors="0">
  <testcase name="verifyThatGetPriceReturnsCorrectValueTest" time="0.003" classname="shop.CartTest"/>
  <testcase name="verifyThatToStringReturnsCorrectResultTest" time="0.001" classname="shop.RealItemTest"/>
  <testcase name="verifyThatToStringReturnsCorrectResultTest" time="0.0" classname="shop.VirtualItemTest"/>
</testsuite> <!-- Regression1 -->
